2024.11.26 14:06:00 INFO  Started: Metals version 1.4.1 in folders '/Users/chellshelove/Documents/Programming_Language_Theory_Week12_Practice' for client Visual Studio Code 1.95.3.
2024.11.26 14:06:00 WARN  Flyway upgrade recommended: H2 2.3.232 is newer than this version of Flyway and support has not been tested. The latest supported version of H2 is 2.2.224.
2024.11.26 14:06:01 INFO  no build target found for /Users/chellshelove/Documents/Programming_Language_Theory_Week12_Practice/week12.scala. Using presentation compiler with project's scala-library version: 3.3.4
2024.11.26 14:06:06 INFO  no build target found for /Users/chellshelove/Documents/Programming_Language_Theory_Week12_Practice/week12.scala. Using presentation compiler with project's scala-library version: 3.3.4
2024.11.26 14:06:06 INFO  no build target found for /Users/chellshelove/Documents/Programming_Language_Theory_Week12_Practice/week12.scala. Using presentation compiler with project's scala-library version: 3.3.4
Nov 26, 2024 2:06:06 PM org.eclipse.lsp4j.jsonrpc.RemoteEndpoint handleCancellation
WARNING: Unmatched cancel notification for request id 1
2024.11.26 14:06:06 INFO  no build target found for /Users/chellshelove/Documents/Programming_Language_Theory_Week12_Practice/week12.scala. Using presentation compiler with project's scala-library version: 3.3.4
Nov 26, 2024 2:06:06 PM org.eclipse.lsp4j.jsonrpc.RemoteEndpoint handleCancellation
WARNING: Unmatched cancel notification for request id 11
2024.11.26 14:06:06 WARN  no build target for: /Users/chellshelove/Documents/Programming_Language_Theory_Week12_Practice/week12.scala
2024.11.26 14:06:06 INFO  no build target found for /Users/chellshelove/Documents/Programming_Language_Theory_Week12_Practice/week12.scala. Using presentation compiler with project's scala-library version: 3.3.4
2024.11.26 14:06:06 INFO  no build target found for /Users/chellshelove/Documents/Programming_Language_Theory_Week12_Practice/week12.scala. Using presentation compiler with project's scala-library version: 3.3.4
2024.11.26 14:06:07 INFO  Running List(/Users/chellshelove/Library/Application Support/Coursier/bin/scala-cli, setup-ide, /Users/chellshelove/Documents/Programming_Language_Theory_Week12_Practice)
2024.11.26 14:06:08 INFO  Attempting to connect to the build server...
2024.11.26 14:06:10 ERROR Failed to connect with build server, no functionality will work.
scala.concurrent.Future$$anon$2: Future.filter predicate is not satisfied

2024.11.26 14:06:10 INFO  no build target found for /Users/chellshelove/Documents/Programming_Language_Theory_Week12_Practice/week12.scala. Using presentation compiler with project's scala-library version: 3.3.4
2024.11.26 14:06:10 INFO  no build target found for /Users/chellshelove/Documents/Programming_Language_Theory_Week12_Practice/week12.scala. Using presentation compiler with project's scala-library version: 3.3.4
2024.11.26 14:06:10 INFO  no build target found for /Users/chellshelove/Documents/Programming_Language_Theory_Week12_Practice/week12.scala. Using presentation compiler with project's scala-library version: 3.3.4
2024.11.26 14:09:19 INFO  no build target found for /Users/chellshelove/Documents/Programming_Language_Theory_Week12_Practice/week12.scala. Using presentation compiler with project's scala-library version: 3.3.4
2024.11.26 14:09:19 INFO  no build target found for /Users/chellshelove/Documents/Programming_Language_Theory_Week12_Practice/week12.scala. Using presentation compiler with project's scala-library version: 3.3.4
2024.11.26 14:09:51 INFO  Shutting down server
2024.11.26 14:09:51 INFO  shutting down Metals
2024.11.26 14:09:51 INFO  Exiting server
